[debug] [2021-12-22T02:40:39.712Z] ----------------------------------------------------------------------
[debug] [2021-12-22T02:40:39.715Z] Command:       C:\Program Files\nodejs\node.exe C:\Users\Athlon 3000g\AppData\Roaming\npm\node_modules\firebase-tools\lib\bin\firebase.js init
[debug] [2021-12-22T02:40:39.716Z] CLI Version:   10.0.1
[debug] [2021-12-22T02:40:39.716Z] Platform:      win32
[debug] [2021-12-22T02:40:39.716Z] Node Version:  v16.13.0
[debug] [2021-12-22T02:40:39.717Z] Time:          Tue Dec 21 2021 23:40:39 GMT-0300 (hora estándar de Argentina)
[debug] [2021-12-22T02:40:39.718Z] ----------------------------------------------------------------------
[debug] 
[debug] [2021-12-22T02:40:39.817Z] > command requires scopes: ["email","openid","https://www.googleapis.com/auth/cloudplatformprojects.readonly","https://www.googleapis.com/auth/firebase","https://www.googleapis.com/auth/cloud-platform"]
[debug] [2021-12-22T02:40:39.818Z] > authorizing via signed-in user (allen.perezma@gmail.com)
[info] 
     ######## #### ########  ######## ########     ###     ######  ########
     ##        ##  ##     ## ##       ##     ##  ##   ##  ##       ##
     ######    ##  ########  ######   ########  #########  ######  ######
     ##        ##  ##    ##  ##       ##     ## ##     ##       ## ##
     ##       #### ##     ## ######## ########  ##     ##  ######  ########

You're about to initialize a Firebase project in this directory:

  C:\Users\Athlon 3000g\Desktop\Proyectos\nuevo\frontend

Before we get started, keep in mind:

  * You are initializing within an existing Firebase project directory

